<?xml version="1.0" encoding="UTF-8"?>
<!-- Generated by org.testng.reporters.JUnitReportReporter -->
<testsuite hostname="DESKTOP-PG819QI" failures="0" tests="8" name="testCases.TC006_ReRunInvoicePageTest" time="183.888" errors="0" timestamp="2025-10-07T22:03:01 IST" skipped="0">
  <testcase classname="testCases.TC006_ReRunInvoicePageTest" name="loginIfNeeded" time="0.020"/>
  <testcase classname="testCases.TC006_ReRunInvoicePageTest" name="verifyRerunInvoicesTab" time="10.152"/>
  <testcase classname="testCases.TC006_ReRunInvoicePageTest" name="validateRerunInvoiceFunction" time="5.554"/>
  <testcase classname="testCases.TC006_ReRunInvoicePageTest" name="validateRerunInvoiceFields" time="0.848"/>
  <testcase classname="testCases.TC006_ReRunInvoicePageTest" name="verifyVoidedInvoiceRerunWithInvoiceNumber" time="41.973"/>
  <testcase classname="testCases.TC006_ReRunInvoicePageTest" name="verifyEmailedToCustomerInvoiceRerunWithInvoiceNumber" time="41.763"/>
  <testcase classname="testCases.TC006_ReRunInvoicePageTest" name="verifyPartialCreditInvoiceRerunWithInvoiceNumber" time="41.814"/>
  <testcase classname="testCases.TC006_ReRunInvoicePageTest" name="verifyCreditInvoiceRerunWithInvoiceNumber" time="41.764"/>
</testsuite> <!-- testCases.TC006_ReRunInvoicePageTest -->
