<?xml version="1.0" encoding="UTF-8"?>
<!-- Generated by org.testng.reporters.JUnitReportReporter -->
<testsuite hostname="DESKTOP-PG819QI" failures="0" tests="7" name="testCases.TC004_WorkCenterPageTest" time="111.271" errors="0" timestamp="2025-10-07T22:03:01 IST" skipped="0">
  <testcase classname="testCases.TC004_WorkCenterPageTest" name="loginIfNeeded" time="0.031"/>
  <testcase classname="testCases.TC004_WorkCenterPageTest" name="verifyWorkCenterTab" time="10.257"/>
  <testcase classname="testCases.TC004_WorkCenterPageTest" name="verifyInvoiceInquiryTabCollapseSectionToShowOrHideAdvanceFilters" time="8.460"/>
  <testcase classname="testCases.TC004_WorkCenterPageTest" name="verifyInvoicesInquiryGlobalSearchByDifferentFields" time="22.174"/>
  <testcase classname="testCases.TC004_WorkCenterPageTest" name="verifyInvoicesInquiryAdvanceFiltes" time="29.644"/>
  <testcase classname="testCases.TC004_WorkCenterPageTest" name="validateInvoiceInquiryTableHeadersAndData" time="11.444"/>
  <testcase classname="testCases.TC004_WorkCenterPageTest" name="validatePaginationControls" time="29.261"/>
</testsuite> <!-- testCases.TC004_WorkCenterPageTest -->
