<?xml version="1.0" encoding="UTF-8"?>
<!-- Generated by org.testng.reporters.JUnitReportReporter -->
<testsuite hostname="DESKTOP-PG819QI" failures="0" tests="7" name="testCases.TC005_InvoiceInquiryPageTest" time="76.090" errors="0" timestamp="2025-10-07T22:03:01 IST" skipped="0">
  <testcase classname="testCases.TC005_InvoiceInquiryPageTest" name="loginIfNeeded" time="0.023"/>
  <testcase classname="testCases.TC005_InvoiceInquiryPageTest" name="verifyInvoicesInquiryTab" time="0.759"/>
  <testcase classname="testCases.TC005_InvoiceInquiryPageTest" name="verifyInvoiceInquiryTabCollapseSectionToShowOrHideAdvanceFilters" time="7.543"/>
  <testcase classname="testCases.TC005_InvoiceInquiryPageTest" name="verifyInvoicesInquiryGlobalSearchByDifferentFields" time="13.459"/>
  <testcase classname="testCases.TC005_InvoiceInquiryPageTest" name="verifyInvoicesInquiryAdvanceFiltes" time="32.846"/>
  <testcase classname="testCases.TC005_InvoiceInquiryPageTest" name="validateInvoiceInquiryTableHeadersAndData" time="2.316"/>
  <testcase classname="testCases.TC005_InvoiceInquiryPageTest" name="validatePaginationControls" time="19.144"/>
</testsuite> <!-- testCases.TC005_InvoiceInquiryPageTest -->
