<?xml version="1.0" encoding="UTF-8"?>
<!-- Generated by org.testng.reporters.JUnitReportReporter -->
<testsuite hostname="DESKTOP-PG819QI" failures="0" tests="1" name="testCases.TC001_LoginPageTest" time="3.054" errors="0" timestamp="2025-10-08T11:52:06 IST" skipped="0">
  <testcase classname="testCases.TC001_LoginPageTest" name="verify_login_page" time="3.054"/>
</testsuite> <!-- testCases.TC001_LoginPageTest -->
