<?xml version="1.0" encoding="UTF-8"?>
<!-- Generated by org.testng.reporters.JUnitReportReporter -->
<testsuite hostname="DESKTOP-PG819QI" failures="0" tests="2" name="testCases.TC002_DashboardPageTest" time="11.340" errors="0" timestamp="2025-10-07T22:03:01 IST" skipped="0">
  <testcase classname="testCases.TC002_DashboardPageTest" name="loginIfNeeded" time="4.817"/>
  <testcase classname="testCases.TC002_DashboardPageTest" name="verify_AllTest" time="6.523"/>
</testsuite> <!-- testCases.TC002_DashboardPageTest -->
