<?xml version="1.0" encoding="UTF-8"?>
<!-- Generated by org.testng.reporters.JUnitReportReporter -->
<testsuite hostname="DESKTOP-PG819QI" failures="0" tests="1" name="testCases.TC001_Login_00New" time="22.232" errors="0" timestamp="2025-10-05T22:02:01 IST" skipped="0">
  <testcase classname="testCases.TC001_Login_00New" name="verify_login_page" time="22.232"/>
</testsuite> <!-- testCases.TC001_Login_00New -->
