<?xml version="1.0" encoding="UTF-8"?>
<!-- Generated by org.testng.reporters.JUnitReportReporter -->
<testsuite hostname="DESKTOP-PG819QI" failures="0" tests="9" name="testCases.TC003_GeneralInvoiceTest" time="186.134" errors="0" timestamp="2025-10-07T22:03:01 IST" skipped="0">
  <testcase classname="testCases.TC003_GeneralInvoiceTest" name="loginIfNeeded" time="0.048"/>
  <testcase classname="testCases.TC003_GeneralInvoiceTest" name="verifyGeneralInvoiceTab" time="12.896"/>
  <testcase classname="testCases.TC003_GeneralInvoiceTest" name="verifyGeneralInvoiceTabFields" time="0.888"/>
  <testcase classname="testCases.TC003_GeneralInvoiceTest" name="verifyAddingSingleGeneralInvoiceLineItemCreation" time="33.634"/>
  <testcase classname="testCases.TC003_GeneralInvoiceTest" name="verifyEditAndDeleteCursorAction" time="85.245"/>
  <testcase classname="testCases.TC003_GeneralInvoiceTest" name="validateDataAndRowForGeneralInvoiceSingleLineItem" time="0.273"/>
  <testcase classname="testCases.TC003_GeneralInvoiceTest" name="validateCreationGeneralInvoice" time="7.902"/>
  <testcase classname="testCases.TC003_GeneralInvoiceTest" name="validateAfterDeletingSingleLineItemNoRecordsAvaialable" time="24.937"/>
  <testcase classname="testCases.TC003_GeneralInvoiceTest" name="validateSingleLineItemDeletedSuccessfullyForGeneralInvoice" time="20.311"/>
</testsuite> <!-- testCases.TC003_GeneralInvoiceTest -->
